<?xml version="1.0" encoding="UTF-8"?>
<!-- Generated by org.testng.reporters.JUnitReportReporter -->
<testsuite skipped="0" hostname="DESKTOP-9QSD73T" name="com.mvnsamplescript.SampleLoginforhrm" tests="1" failures="0" timestamp="09 Feb 2019 14:34:36 GMT" time="10.507" errors="0">
  <testcase name="hrmlogin" time="10.507" classname="com.mvnsamplescript.SampleLoginforhrm"/>
</testsuite> <!-- com.mvnsamplescript.SampleLoginforhrm -->
